<?xml version="1.0" encoding="UTF-8"?>
<!-- Generated by org.testng.reporters.JUnitReportReporter -->
<testsuite skipped="0" hostname="DESKTOP-TQG883P" name="p1.Test1" tests="1" failures="0" timestamp="27 Aug 2019 09:50:44 GMT" time="17.394" errors="0">
  <testcase name="test" time="17.394" classname="p1.Test1"/>
</testsuite> <!-- p1.Test1 -->
